[2023-m-25 13:10:36],(module=run func=main) INFO -- :Successfully downloaded sampled data from <Utils.InputSampler.InputSampler object at 0x1026c5490> for training )
[2023-m-25 13:10:38],(module=run func=main) INFO -- :Successfully created a sampled data of 1000)
[2023-m-25 13:11:28],(module=model func=train_generator) INFO -- :<keras.callbacks.History object at 0x15f0139a0>)
[2023-m-25 13:11:28],(module=model func=predict_point_by_point) INFO -- :Train metric[[[0.0000000e+00]
  [0.0000000e+00]
  [4.0000000e+00]
  [0.0000000e+00]
  [1.0000000e+00]]

 [[1.0000000e-03]
  [0.0000000e+00]
  [4.0000000e+00]
  [0.0000000e+00]
  [1.0000000e+00]]

 [[2.0000000e-03]
  [0.0000000e+00]
  [0.0000000e+00]
  [4.0000000e+00]
  [1.0000000e+00]]

 ...

 [[7.9700000e-01]
  [6.7218543e-01]
  [4.0000000e+00]
  [0.0000000e+00]
  [1.0000000e+00]]

 [[7.9800000e-01]
  [6.7218543e-01]
  [0.0000000e+00]
  [4.0000000e+00]
  [1.0000000e+00]]

 [[7.9900000e-01]
  [6.7218543e-01]
  [4.0000000e+00]
  [0.0000000e+00]
  [1.0000000e+00]]])
[2023-m-25 13:11:29],(module=model func=predict_point_by_point) INFO -- : Test metric[[[0.8       ]
  [0.67218543]
  [4.        ]
  [0.        ]
  [1.        ]]

 [[0.801     ]
  [0.67218543]
  [4.        ]
  [0.        ]
  [1.        ]]

 [[0.802     ]
  [0.67218543]
  [4.        ]
  [0.        ]
  [1.        ]]

 ...

 [[0.998     ]
  [1.        ]
  [4.        ]
  [0.        ]
  [1.        ]]

 [[0.999     ]
  [1.        ]
  [4.        ]
  [0.        ]
  [1.        ]]

 [[1.        ]
  [1.        ]
  [4.        ]
  [0.        ]
  [1.        ]]])
